<?xml version="1.0" encoding="UTF-8"?>
<!-- Generated by org.testng.reporters.JUnitReportReporter -->
<testsuite hostname="DESKTOP-7S7LCUO" failures="0" tests="3" name="com.zenoxerp.qa.test.ReportTest" time="62.560" errors="0" timestamp="2024-05-29T12:49:52 IST" skipped="2">
  <testcase classname="com.zenoxerp.qa.test.ReportTest" name="DownloadExcel" time="62.560"/>
  <testcase classname="com.zenoxerp.qa.test.ReportTest" name="uploadFile">
    <skipped/>
  </testcase> <!-- uploadFile -->
  <testcase classname="com.zenoxerp.qa.test.ReportTest" name="deleteDownloadedFile">
    <skipped/>
  </testcase> <!-- deleteDownloadedFile -->
</testsuite> <!-- com.zenoxerp.qa.test.ReportTest -->
