<?xml version="1.0" encoding="UTF-8"?>
<!-- Generated by org.testng.reporters.JUnitReportReporter -->
<testsuite hostname="DESKTOP-7S7LCUO" failures="0" tests="3" name="com.zenoxerp.qa.test.ReportTest" time="56.378" errors="0" timestamp="2024-05-30T17:50:44 IST" skipped="2">
  <testcase classname="com.zenoxerp.qa.test.ReportTest" name="DownloadExcel" time="56.378"/>
  <testcase classname="com.zenoxerp.qa.test.ReportTest" name="deleteDownloadedFile">
    <skipped/>
  </testcase> <!-- deleteDownloadedFile -->
  <testcase classname="com.zenoxerp.qa.test.ReportTest" name="uploadFile">
    <skipped/>
  </testcase> <!-- uploadFile -->
</testsuite> <!-- com.zenoxerp.qa.test.ReportTest -->
